Task: TV, Iter:1/150;  Acc on target: 66.38
T: 73.53 26.87 89.66 94.59 68.75 56.0 77.27 50.91 83.02 41.3 86.27 48.35

Task: TV, Iter:2/150;  Acc on target: 66.85
T: 70.59 26.87 90.8 94.59 70.0 57.33 78.18 52.73 83.02 43.48 86.27 48.35

Task: TV, Iter:3/150;  Acc on target: 67.33
T: 72.06 26.87 90.8 94.59 70.0 57.33 77.27 54.55 83.02 45.65 85.29 50.55

Task: TV, Iter:4/150;  Acc on target: 67.24
T: 70.59 26.87 89.66 94.59 70.0 58.67 77.27 55.45 83.02 45.65 82.35 52.75

Task: TV, Iter:5/150;  Acc on target: 67.46
T: 67.65 26.87 90.8 94.59 71.25 58.67 77.27 55.45 83.02 47.83 83.33 52.75

Task: TV, Iter:6/150;  Acc on target: 67.46
T: 70.59 26.87 91.95 94.59 67.5 58.67 77.27 56.36 83.02 45.65 84.31 52.75

Task: TV, Iter:7/150;  Acc on target: 67.73
T: 69.12 26.87 91.95 94.59 72.5 61.33 77.27 57.27 81.13 45.65 82.35 52.75

Task: TV, Iter:8/150;  Acc on target: 67.64
T: 70.59 26.87 91.95 94.59 68.75 62.67 77.27 57.27 81.13 45.65 83.33 51.65

Task: TV, Iter:9/150;  Acc on target: 67.96
T: 72.06 26.87 91.95 94.59 68.75 64.0 77.27 58.18 81.13 45.65 82.35 52.75

Task: TV, Iter:10/150;  Acc on target: 67.66
T: 72.06 26.87 91.95 94.59 70.0 64.0 76.36 55.45 83.02 45.65 81.37 50.55

Task: TV, Iter:11/150;  Acc on target: 68.02
T: 73.53 26.87 93.1 94.59 70.0 64.0 77.27 55.45 83.02 45.65 83.33 49.45

Task: TV, Iter:12/150;  Acc on target: 68.59
T: 76.47 26.87 93.1 94.59 70.0 68.0 77.27 55.45 83.02 45.65 84.31 48.35

Task: TV, Iter:13/150;  Acc on target: 68.99
T: 77.94 28.36 93.1 94.59 70.0 68.0 77.27 57.27 83.02 45.65 84.31 48.35

Task: TV, Iter:14/150;  Acc on target: 68.89
T: 77.94 28.36 91.95 94.59 70.0 68.0 77.27 57.27 83.02 45.65 84.31 48.35

Task: TV, Iter:15/150;  Acc on target: 68.91
T: 77.94 28.36 93.1 94.59 70.0 68.0 77.27 56.36 84.91 45.65 82.35 48.35

Task: TV, Iter:16/150;  Acc on target: 69.14
T: 77.94 28.36 93.1 94.59 70.0 68.0 77.27 58.18 86.79 45.65 81.37 48.35

Task: TV, Iter:17/150;  Acc on target: 68.82
T: 76.47 28.36 93.1 94.59 70.0 66.67 76.36 59.09 86.79 45.65 80.39 48.35

Task: TV, Iter:18/150;  Acc on target: 68.36
T: 75.0 26.87 93.1 94.59 71.25 68.0 74.55 59.09 86.79 45.65 80.39 45.05

Task: TV, Iter:19/150;  Acc on target: 68.51
T: 75.0 26.87 93.1 94.59 71.25 68.0 76.36 59.09 86.79 45.65 80.39 45.05

Task: TV, Iter:20/150;  Acc on target: 68.52
T: 79.41 28.36 94.25 94.59 71.25 68.0 75.45 57.27 86.79 45.65 79.41 41.76

Task: TV, Iter:21/150;  Acc on target: 68.72
T: 79.41 28.36 95.4 94.59 71.25 69.33 75.45 57.27 86.79 45.65 79.41 41.76

Task: TV, Iter:22/150;  Acc on target: 68.91
T: 79.41 28.36 95.4 94.59 72.5 69.33 75.45 57.27 86.79 45.65 80.39 41.76

Task: TV, Iter:23/150;  Acc on target: 68.92
T: 79.41 28.36 94.25 94.59 72.5 70.67 76.36 57.27 86.79 45.65 79.41 41.76

Task: TV, Iter:24/150;  Acc on target: 69.15
T: 79.41 29.85 96.55 94.59 72.5 70.67 76.36 57.27 86.79 45.65 78.43 41.76

Task: TV, Iter:25/150;  Acc on target: 68.90
T: 79.41 29.85 96.55 94.59 71.25 70.67 74.55 57.27 86.79 45.65 78.43 41.76

Task: TV, Iter:26/150;  Acc on target: 69.17
T: 79.41 28.36 96.55 94.59 72.5 70.67 76.36 59.09 86.79 45.65 79.41 40.66

Task: TV, Iter:27/150;  Acc on target: 69.32
T: 79.41 29.85 96.55 94.59 73.75 70.67 76.36 58.18 86.79 45.65 79.41 40.66

Task: TV, Iter:28/150;  Acc on target: 68.88
T: 79.41 28.36 96.55 92.79 73.75 70.67 75.45 58.18 86.79 45.65 79.41 39.56

Task: TV, Iter:29/150;  Acc on target: 68.83
T: 79.41 26.87 96.55 93.69 73.75 70.67 75.45 58.18 86.79 45.65 79.41 39.56

Task: TV, Iter:30/150;  Acc on target: 68.80
T: 79.41 26.87 96.55 93.69 72.5 70.67 75.45 59.09 86.79 45.65 79.41 39.56

Task: TV, Iter:31/150;  Acc on target: 68.69
T: 79.41 28.36 96.55 91.89 72.5 70.67 75.45 59.09 86.79 45.65 79.41 38.46

Task: TV, Iter:32/150;  Acc on target: 68.54
T: 79.41 28.36 96.55 91.89 72.5 69.33 76.36 60.0 86.79 45.65 79.41 36.26

Task: TV, Iter:33/150;  Acc on target: 68.47
T: 79.41 28.36 96.55 91.89 72.5 69.33 75.45 60.0 86.79 45.65 79.41 36.26

Task: TV, Iter:34/150;  Acc on target: 68.87
T: 79.41 28.36 96.55 93.69 73.75 70.67 75.45 58.18 86.79 45.65 79.41 38.46

Task: TV, Iter:35/150;  Acc on target: 68.64
T: 79.41 28.36 96.55 92.79 73.75 72.0 75.45 57.27 86.79 45.65 79.41 36.26

Task: TV, Iter:36/150;  Acc on target: 68.63
T: 79.41 28.36 96.55 92.79 73.75 72.0 75.45 58.18 86.79 45.65 79.41 35.16

Task: TV, Iter:37/150;  Acc on target: 68.88
T: 79.41 28.36 96.55 92.79 75.0 72.0 77.27 58.18 86.79 45.65 79.41 35.16

Task: TV, Iter:38/150;  Acc on target: 68.88
T: 79.41 28.36 96.55 93.69 75.0 72.0 77.27 57.27 86.79 45.65 79.41 35.16

Task: TV, Iter:39/150;  Acc on target: 68.99
T: 79.41 28.36 96.55 92.79 76.25 72.0 77.27 58.18 86.79 45.65 79.41 35.16

Task: TV, Iter:40/150;  Acc on target: 68.91
T: 79.41 26.87 96.55 94.59 75.0 72.0 77.27 58.18 86.79 45.65 79.41 35.16

Task: TV, Iter:41/150;  Acc on target: 68.77
T: 79.41 26.87 96.55 93.69 76.25 72.0 77.27 57.27 86.79 45.65 79.41 34.07

Task: TV, Iter:42/150;  Acc on target: 69.03
T: 79.41 26.87 96.55 94.59 76.25 73.33 77.27 58.18 86.79 45.65 79.41 34.07

Task: TV, Iter:43/150;  Acc on target: 68.47
T: 79.41 26.87 96.55 94.59 75.0 72.0 77.27 57.27 86.79 45.65 79.41 30.77

Task: TV, Iter:44/150;  Acc on target: 68.32
T: 79.41 26.87 96.55 92.79 75.0 72.0 77.27 57.27 86.79 45.65 79.41 30.77

Task: TV, Iter:45/150;  Acc on target: 68.54
T: 79.41 26.87 96.55 92.79 75.0 74.67 77.27 57.27 86.79 45.65 79.41 30.77

Task: TV, Iter:46/150;  Acc on target: 68.50
T: 79.41 26.87 96.55 92.79 75.0 73.33 78.18 57.27 86.79 45.65 79.41 30.77

Task: TV, Iter:47/150;  Acc on target: 68.81
T: 79.41 28.36 96.55 93.69 76.25 73.33 77.27 58.18 86.79 45.65 79.41 30.77

Task: TV, Iter:48/150;  Acc on target: 69.16
T: 82.35 28.36 96.55 94.59 76.25 74.67 76.36 58.18 86.79 45.65 79.41 30.77

Task: TV, Iter:49/150;  Acc on target: 69.34
T: 79.41 28.36 96.55 93.69 76.25 76.0 77.27 58.18 90.57 45.65 79.41 30.77

Task: TV, Iter:50/150;  Acc on target: 69.27
T: 83.82 26.87 96.55 93.69 77.5 74.67 77.27 58.18 86.79 45.65 79.41 30.77

Task: TV, Iter:51/150;  Acc on target: 69.60
T: 83.82 26.87 96.55 94.59 76.25 76.0 77.27 58.18 88.68 45.65 79.41 31.87

Task: TV, Iter:52/150;  Acc on target: 69.66
T: 83.82 26.87 96.55 94.59 76.25 76.0 77.27 58.18 90.57 45.65 79.41 30.77

Task: TV, Iter:53/150;  Acc on target: 69.43
T: 82.35 26.87 96.55 94.59 75.0 76.0 77.27 58.18 90.57 45.65 79.41 30.77

Task: TV, Iter:54/150;  Acc on target: 69.25
T: 83.82 26.87 96.55 93.69 76.25 74.67 74.55 58.18 90.57 45.65 79.41 30.77

Task: TV, Iter:55/150;  Acc on target: 69.39
T: 83.82 26.87 96.55 93.69 75.0 74.67 76.36 58.18 90.57 45.65 79.41 31.87

Task: TV, Iter:56/150;  Acc on target: 69.37
T: 83.82 26.87 96.55 92.79 75.0 74.67 77.27 59.09 90.57 45.65 79.41 30.77

Task: TV, Iter:57/150;  Acc on target: 69.52
T: 83.82 26.87 96.55 92.79 75.0 77.33 77.27 58.18 90.57 45.65 79.41 30.77

Task: TV, Iter:58/150;  Acc on target: 69.52
T: 83.82 26.87 96.55 92.79 75.0 77.33 77.27 58.18 90.57 45.65 79.41 30.77

Task: TV, Iter:59/150;  Acc on target: 69.42
T: 82.35 26.87 96.55 92.79 76.25 77.33 77.27 58.18 90.57 45.65 78.43 30.77

Task: TV, Iter:60/150;  Acc on target: 69.44
T: 83.82 26.87 96.55 92.79 76.25 76.0 76.36 58.18 90.57 45.65 79.41 30.77

Task: TV, Iter:61/150;  Acc on target: 69.55
T: 83.82 26.87 96.55 92.79 76.25 77.33 75.45 59.09 90.57 45.65 79.41 30.77

Task: TV, Iter:62/150;  Acc on target: 69.44
T: 83.82 26.87 96.55 92.79 75.0 77.33 75.45 59.09 90.57 45.65 79.41 30.77

Task: TV, Iter:63/150;  Acc on target: 69.47
T: 83.82 26.87 96.55 92.79 76.25 77.33 75.45 59.09 90.57 45.65 78.43 30.77

Task: TV, Iter:64/150;  Acc on target: 69.19
T: 83.82 26.87 96.55 92.79 76.25 77.33 75.45 59.09 90.57 45.65 78.43 27.47

Task: TV, Iter:65/150;  Acc on target: 69.10
T: 80.88 26.87 96.55 92.79 76.25 77.33 77.27 59.09 90.57 45.65 78.43 27.47

Task: TV, Iter:66/150;  Acc on target: 69.60
T: 83.82 26.87 96.55 93.69 76.25 77.33 77.27 59.09 90.57 45.65 78.43 29.67

Task: TV, Iter:67/150;  Acc on target: 69.75
T: 83.82 26.87 96.55 93.69 76.25 77.33 78.18 60.0 90.57 45.65 78.43 29.67

Task: TV, Iter:68/150;  Acc on target: 69.82
T: 83.82 26.87 96.55 92.79 76.25 80.0 77.27 60.0 90.57 45.65 78.43 29.67

Task: TV, Iter:69/150;  Acc on target: 69.41
T: 83.82 26.87 96.55 92.79 76.25 77.33 77.27 60.0 90.57 45.65 79.41 26.37

Task: TV, Iter:70/150;  Acc on target: 69.33
T: 82.35 28.36 96.55 91.89 76.25 78.67 75.45 58.18 90.57 45.65 79.41 28.57

Task: TV, Iter:71/150;  Acc on target: 68.77
T: 82.35 28.36 96.55 91.89 76.25 77.33 74.55 58.18 90.57 45.65 79.41 24.18

Task: TV, Iter:72/150;  Acc on target: 68.96
T: 82.35 28.36 96.55 91.89 76.25 78.67 75.45 58.18 90.57 45.65 79.41 24.18

Task: TV, Iter:73/150;  Acc on target: 68.71
T: 79.41 28.36 96.55 91.89 76.25 78.67 75.45 58.18 90.57 45.65 79.41 24.18

Task: TV, Iter:74/150;  Acc on target: 69.12
T: 82.35 26.87 96.55 91.89 76.25 81.33 76.36 59.09 90.57 45.65 79.41 23.08

Task: TV, Iter:75/150;  Acc on target: 69.15
T: 80.88 26.87 96.55 92.79 76.25 81.33 76.36 59.09 90.57 45.65 80.39 23.08

Task: TV, Iter:76/150;  Acc on target: 69.28
T: 82.35 26.87 96.55 92.79 76.25 81.33 76.36 59.09 90.57 45.65 79.41 24.18

Task: TV, Iter:77/150;  Acc on target: 69.55
T: 83.82 28.36 96.55 92.79 76.25 81.33 75.45 59.09 90.57 45.65 79.41 25.27

Task: TV, Iter:78/150;  Acc on target: 69.55
T: 83.82 28.36 96.55 92.79 76.25 81.33 75.45 59.09 90.57 45.65 79.41 25.27

Task: TV, Iter:79/150;  Acc on target: 69.42
T: 83.82 26.87 96.55 92.79 76.25 81.33 75.45 59.09 90.57 45.65 79.41 25.27

Task: TV, Iter:80/150;  Acc on target: 69.37
T: 83.82 26.87 96.55 91.89 76.25 82.67 75.45 59.09 90.57 45.65 79.41 24.18

Task: TV, Iter:81/150;  Acc on target: 69.35
T: 83.82 26.87 96.55 91.89 76.25 81.33 75.45 59.09 90.57 45.65 79.41 25.27

Task: TV, Iter:82/150;  Acc on target: 69.62
T: 83.82 26.87 96.55 91.89 76.25 82.67 75.45 59.09 92.45 45.65 79.41 25.27

Task: TV, Iter:83/150;  Acc on target: 69.62
T: 83.82 26.87 96.55 91.89 76.25 82.67 75.45 59.09 92.45 45.65 79.41 25.27

Task: TV, Iter:84/150;  Acc on target: 69.43
T: 83.82 26.87 96.55 91.89 76.25 81.33 75.45 58.18 92.45 45.65 79.41 25.27

Task: TV, Iter:85/150;  Acc on target: 69.61
T: 83.82 26.87 96.55 93.69 76.25 82.67 75.45 59.09 90.57 45.65 79.41 25.27

Task: TV, Iter:86/150;  Acc on target: 69.49
T: 83.82 26.87 96.55 93.69 76.25 81.33 76.36 59.09 90.57 45.65 78.43 25.27

Task: TV, Iter:87/150;  Acc on target: 69.58
T: 83.82 26.87 96.55 92.79 77.5 84.0 74.55 59.09 90.57 45.65 79.41 24.18

Task: TV, Iter:88/150;  Acc on target: 69.47
T: 83.82 26.87 96.55 92.79 76.25 84.0 75.45 59.09 90.57 45.65 78.43 24.18

Task: TV, Iter:89/150;  Acc on target: 69.36
T: 83.82 26.87 96.55 92.79 76.25 82.67 75.45 59.09 90.57 45.65 78.43 24.18

Task: TV, Iter:90/150;  Acc on target: 69.65
T: 83.82 26.87 96.55 91.89 76.25 88.0 75.45 56.36 92.45 45.65 79.41 23.08

Task: TV, Iter:91/150;  Acc on target: 69.72
T: 83.82 26.87 96.55 92.79 76.25 88.0 74.55 57.27 92.45 45.65 79.41 23.08

Task: TV, Iter:92/150;  Acc on target: 69.66
T: 83.82 26.87 96.55 93.69 76.25 86.67 75.45 57.27 92.45 45.65 80.39 20.88

Task: TV, Iter:93/150;  Acc on target: 70.02
T: 83.82 26.87 96.55 93.69 76.25 88.0 76.36 58.18 92.45 45.65 80.39 21.98

Task: TV, Iter:94/150;  Acc on target: 69.74
T: 83.82 26.87 96.55 93.69 76.25 86.67 76.36 57.27 92.45 45.65 80.39 20.88

Task: TV, Iter:95/150;  Acc on target: 69.50
T: 83.82 26.87 96.55 91.89 76.25 86.67 76.36 57.27 92.45 45.65 80.39 19.78

Task: TV, Iter:96/150;  Acc on target: 69.36
T: 83.82 26.87 96.55 91.89 76.25 86.67 75.45 57.27 90.57 45.65 80.39 20.88

Task: TV, Iter:97/150;  Acc on target: 69.49
T: 83.82 26.87 96.55 93.69 76.25 89.33 74.55 57.27 90.57 43.48 78.43 23.08

Task: TV, Iter:98/150;  Acc on target: 68.98
T: 83.82 26.87 96.55 91.89 75.0 89.33 74.55 56.36 90.57 43.48 78.43 20.88

Task: TV, Iter:99/150;  Acc on target: 69.14
T: 83.82 26.87 96.55 91.89 75.0 89.33 74.55 57.27 90.57 43.48 78.43 21.98

Task: TV, Iter:100/150;  Acc on target: 69.19
T: 82.35 26.87 96.55 91.89 76.25 88.0 74.55 58.18 90.57 45.65 77.45 21.98

Task: TV, Iter:101/150;  Acc on target: 69.47
T: 83.82 26.87 96.55 91.89 76.25 88.0 75.45 58.18 90.57 45.65 78.43 21.98

Task: TV, Iter:102/150;  Acc on target: 69.53
T: 83.82 26.87 96.55 91.89 78.75 89.33 74.55 58.18 90.57 43.48 78.43 21.98

Task: TV, Iter:103/150;  Acc on target: 69.44
T: 83.82 26.87 95.4 91.89 78.75 90.67 74.55 58.18 90.57 43.48 80.39 18.68

Task: TV, Iter:104/150;  Acc on target: 69.53
T: 83.82 26.87 95.4 91.89 78.75 90.67 74.55 58.18 90.57 43.48 80.39 19.78

Task: TV, Iter:105/150;  Acc on target: 69.27
T: 83.82 28.36 96.55 91.89 78.75 88.0 74.55 58.18 90.57 43.48 78.43 18.68

Task: TV, Iter:106/150;  Acc on target: 69.26
T: 83.82 28.36 96.55 91.89 77.5 88.0 74.55 58.18 90.57 43.48 78.43 19.78

Task: TV, Iter:107/150;  Acc on target: 69.13
T: 83.82 28.36 96.55 92.79 75.0 88.0 74.55 58.18 90.57 43.48 78.43 19.78

Task: TV, Iter:108/150;  Acc on target: 69.24
T: 82.35 26.87 96.55 94.59 75.0 89.33 74.55 58.18 90.57 43.48 77.45 21.98

Task: TV, Iter:109/150;  Acc on target: 68.89
T: 82.35 26.87 96.55 92.79 75.0 88.0 74.55 58.18 90.57 43.48 77.45 20.88

Task: TV, Iter:110/150;  Acc on target: 69.41
T: 83.82 26.87 96.55 93.69 75.0 88.0 76.36 58.18 90.57 43.48 78.43 21.98

Task: TV, Iter:111/150;  Acc on target: 69.32
T: 83.82 26.87 96.55 93.69 75.0 88.0 75.45 59.09 90.57 43.48 78.43 20.88

Task: TV, Iter:112/150;  Acc on target: 68.97
T: 82.35 26.87 96.55 94.59 75.0 85.33 75.45 58.18 90.57 43.48 78.43 20.88

Task: TV, Iter:113/150;  Acc on target: 69.08
T: 83.82 26.87 96.55 93.69 75.0 85.33 76.36 59.09 90.57 43.48 78.43 19.78

Task: TV, Iter:114/150;  Acc on target: 69.01
T: 83.82 26.87 96.55 93.69 75.0 85.33 75.45 59.09 90.57 43.48 78.43 19.78

Task: TV, Iter:115/150;  Acc on target: 69.26
T: 83.82 26.87 96.55 93.69 75.0 89.33 75.45 58.18 90.57 43.48 78.43 19.78

Task: TV, Iter:116/150;  Acc on target: 69.34
T: 83.82 26.87 96.55 94.59 75.0 89.33 75.45 58.18 90.57 43.48 78.43 19.78

Task: TV, Iter:117/150;  Acc on target: 69.34
T: 83.82 26.87 96.55 94.59 75.0 89.33 75.45 58.18 90.57 43.48 78.43 19.78

Task: TV, Iter:118/150;  Acc on target: 69.32
T: 83.82 26.87 96.55 94.59 75.0 89.33 75.45 59.09 90.57 43.48 78.43 18.68

Task: TV, Iter:119/150;  Acc on target: 69.07
T: 83.82 26.87 96.55 93.69 75.0 89.33 75.45 59.09 90.57 41.3 78.43 18.68

Task: TV, Iter:120/150;  Acc on target: 68.93
T: 83.82 26.87 96.55 94.59 75.0 88.0 76.36 58.18 90.57 39.13 79.41 18.68

Task: TV, Iter:121/150;  Acc on target: 69.02
T: 82.35 26.87 96.55 94.59 75.0 89.33 76.36 58.18 90.57 41.3 78.43 18.68

Task: TV, Iter:122/150;  Acc on target: 69.20
T: 82.35 26.87 96.55 94.59 75.0 89.33 76.36 58.18 90.57 43.48 78.43 18.68

Task: TV, Iter:123/150;  Acc on target: 69.04
T: 82.35 26.87 96.55 94.59 76.25 90.67 76.36 58.18 90.57 39.13 79.41 17.58

Task: TV, Iter:124/150;  Acc on target: 69.32
T: 83.82 29.85 96.55 94.59 75.0 90.67 75.45 58.18 90.57 39.13 80.39 17.58

Task: TV, Iter:125/150;  Acc on target: 68.86
T: 82.35 26.87 96.55 94.59 76.25 89.33 75.45 58.18 90.57 39.13 79.41 17.58

Task: TV, Iter:126/150;  Acc on target: 68.85
T: 82.35 29.85 96.55 93.69 75.0 89.33 75.45 57.27 90.57 39.13 79.41 17.58

Task: TV, Iter:127/150;  Acc on target: 68.97
T: 82.35 29.85 96.55 93.69 75.0 90.67 74.55 56.36 92.45 39.13 79.41 17.58

Task: TV, Iter:128/150;  Acc on target: 68.80
T: 82.35 26.87 96.55 94.59 75.0 90.67 74.55 57.27 90.57 39.13 79.41 18.68

Task: TV, Iter:129/150;  Acc on target: 68.90
T: 82.35 26.87 96.55 94.59 76.25 90.67 74.55 57.27 92.45 39.13 77.45 18.68

Task: TV, Iter:130/150;  Acc on target: 68.81
T: 85.29 26.87 96.55 93.69 75.0 88.0 75.45 58.18 90.57 39.13 79.41 17.58

Task: TV, Iter:131/150;  Acc on target: 68.66
T: 85.29 26.87 96.55 91.89 75.0 88.0 75.45 58.18 90.57 39.13 79.41 17.58

Task: TV, Iter:132/150;  Acc on target: 68.65
T: 85.29 26.87 96.55 90.99 75.0 88.0 75.45 60.0 90.57 39.13 79.41 16.48

Task: TV, Iter:133/150;  Acc on target: 68.96
T: 83.82 28.36 96.55 92.79 75.0 88.0 76.36 60.0 90.57 41.3 79.41 15.38

Task: TV, Iter:134/150;  Acc on target: 68.75
T: 83.82 28.36 96.55 93.69 73.75 88.0 76.36 60.0 90.57 39.13 79.41 15.38

Task: TV, Iter:135/150;  Acc on target: 69.13
T: 83.82 28.36 96.55 93.69 75.0 88.0 76.36 60.0 90.57 41.3 79.41 16.48

Task: TV, Iter:136/150;  Acc on target: 69.03
T: 83.82 28.36 96.55 94.59 75.0 88.0 76.36 60.0 90.57 41.3 78.43 15.38

Task: TV, Iter:137/150;  Acc on target: 68.92
T: 83.82 26.87 96.55 94.59 75.0 88.0 76.36 59.09 90.57 39.13 78.43 18.68

Task: TV, Iter:138/150;  Acc on target: 68.84
T: 83.82 26.87 96.55 94.59 75.0 88.0 76.36 57.27 92.45 39.13 78.43 17.58

Task: TV, Iter:139/150;  Acc on target: 68.88
T: 85.29 26.87 96.55 94.59 75.0 88.0 76.36 57.27 92.45 39.13 77.45 17.58

Task: TV, Iter:140/150;  Acc on target: 68.71
T: 85.29 26.87 96.55 93.69 75.0 90.67 74.55 57.27 90.57 36.96 78.43 18.68

Task: TV, Iter:141/150;  Acc on target: 68.75
T: 83.82 26.87 96.55 93.69 75.0 90.67 74.55 57.27 92.45 36.96 78.43 18.68

Task: TV, Iter:142/150;  Acc on target: 68.73
T: 83.82 26.87 96.55 93.69 75.0 90.67 75.45 57.27 92.45 36.96 78.43 17.58

Task: TV, Iter:143/150;  Acc on target: 68.68
T: 83.82 26.87 96.55 93.69 76.25 90.67 75.45 57.27 90.57 36.96 78.43 17.58

Task: TV, Iter:144/150;  Acc on target: 68.65
T: 83.82 26.87 96.55 94.59 75.0 90.67 74.55 56.36 92.45 36.96 78.43 17.58

Task: TV, Iter:145/150;  Acc on target: 69.20
T: 83.82 28.36 96.55 94.59 75.0 90.67 74.55 58.18 92.45 39.13 78.43 18.68

Task: TV, Iter:146/150;  Acc on target: 68.87
T: 83.82 28.36 96.55 94.59 75.0 90.67 75.45 57.27 90.57 39.13 77.45 17.58

Task: TV, Iter:147/150;  Acc on target: 68.70
T: 83.82 26.87 96.55 94.59 75.0 89.33 75.45 57.27 92.45 39.13 77.45 16.48

Task: TV, Iter:148/150;  Acc on target: 68.82
T: 85.29 26.87 96.55 94.59 75.0 89.33 75.45 58.18 90.57 39.13 78.43 16.48

Task: TV, Iter:149/150;  Acc on target: 68.86
T: 85.29 26.87 96.55 94.59 76.25 90.67 74.55 57.27 92.45 36.96 78.43 16.48

Task: TV, Iter:150/150;  Acc on target: 69.08
T: 85.29 26.87 96.55 94.59 77.5 90.67 74.55 57.27 90.57 39.13 78.43 17.58

