Task: TV, Iter:86/12990; Accuracy on target = 72.32%
T: 89.2 42.77 85.91 90.56 80.11 70.04 74.06 57.96 93.31 49.38 85.52 48.99

Task: TV, Iter:172/12990; Accuracy on target = 75.38%
T: 88.43 53.21 86.63 91.09 82.91 81.17 73.68 62.64 91.09 47.14 85.92 60.66

Task: TV, Iter:258/12990; Accuracy on target = 76.42%
T: 88.45 55.69 85.94 92.02 81.38 88.47 73.02 64.8 89.88 46.45 84.47 66.53

Task: TV, Iter:344/12990; Accuracy on target = 76.30%
T: 88.32 57.3 85.16 90.84 81.01 90.89 72.2 64.45 88.64 45.37 82.79 68.61

Task: TV, Iter:430/12990; Accuracy on target = 76.68%
T: 87.55 63.41 84.32 91.22 81.93 90.88 67.74 64.36 86.47 46.81 83.88 71.57

Task: TV, Iter:516/12990; Accuracy on target = 77.39%
T: 87.16 65.68 83.72 92.4 81.98 90.4 68.85 65.57 88.66 49.53 82.86 71.88

Task: TV, Iter:602/12990; Accuracy on target = 77.18%
T: 86.09 61.7 86.74 91.58 82.47 91.53 70.79 63.23 90.74 48.44 82.82 70.06

Task: TV, Iter:688/12990; Accuracy on target = 78.72%
T: 87.18 67.09 85.78 91.36 84.76 89.69 70.11 68.29 89.95 51.96 84.99 73.44

Task: TV, Iter:774/12990; Accuracy on target = 78.79%
T: 87.59 67.74 83.97 92.17 84.49 87.96 71.87 67.6 90.18 55.03 80.08 76.84

Task: TV, Iter:860/12990; Accuracy on target = 78.49%
T: 86.74 67.53 85.31 91.14 84.41 89.05 71.94 66.79 88.66 53.84 83.19 73.33

Task: TV, Iter:946/12990; Accuracy on target = 78.97%
T: 87.59 67.63 85.28 91.58 84.36 88.87 72.41 66.58 90.23 54.27 82.43 76.41

Task: TV, Iter:1032/12990; Accuracy on target = 78.45%
T: 86.49 70.58 84.72 91.21 84.57 88.71 69.28 65.53 89.34 54.38 80.3 76.25

Task: TV, Iter:1118/12990; Accuracy on target = 78.45%
T: 86.45 69.57 84.65 92.01 83.51 87.07 68.6 65.84 89.6 55.39 83.91 74.86

Task: TV, Iter:1204/12990; Accuracy on target = 78.50%
T: 87.22 70.65 84.99 91.4 83.08 87.03 69.75 65.07 89.29 55.61 81.66 76.19

Task: TV, Iter:1290/12990; Accuracy on target = 79.03%
T: 87.88 71.98 83.7 90.58 85.12 87.91 71.61 65.78 90.6 55.1 81.86 76.3

Task: TV, Iter:1376/12990; Accuracy on target = 79.01%
T: 87.72 73.74 83.4 90.44 85.78 88.87 69.79 65.66 89.13 55.58 80.71 77.35

Task: TV, Iter:1462/12990; Accuracy on target = 79.03%
T: 86.82 73.29 82.81 90.87 84.46 88.42 66.57 68.51 89.55 55.61 84.55 76.87

Task: TV, Iter:1548/12990; Accuracy on target = 78.97%
T: 86.78 73.6 85.8 90.15 86.05 90.17 65.59 66.66 90.18 53.44 82.72 76.5

Task: TV, Iter:1634/12990; Accuracy on target = 78.69%
T: 88.03 69.71 85.58 90.4 85.96 88.03 66.34 67.0 90.93 54.92 81.8 75.51

Task: TV, Iter:1720/12990; Accuracy on target = 79.86%
T: 88.53 74.63 85.65 90.04 86.42 87.58 68.99 67.67 91.39 57.1 83.54 76.8

Task: TV, Iter:1806/12990; Accuracy on target = 79.57%
T: 88.2 74.2 86.31 90.95 86.21 85.52 70.4 67.63 88.59 58.76 83.63 74.45

Task: TV, Iter:1892/12990; Accuracy on target = 79.20%
T: 88.99 72.66 85.52 90.36 85.11 87.45 69.74 64.97 89.41 57.2 83.74 75.22

Task: TV, Iter:1978/12990; Accuracy on target = 79.16%
T: 87.45 74.53 84.73 90.16 85.01 87.14 67.1 67.0 90.53 57.31 82.5 76.4

Task: TV, Iter:2064/12990; Accuracy on target = 80.10%
T: 88.66 78.68 84.0 89.96 85.06 87.45 69.96 66.65 91.16 58.25 83.41 77.91

Task: TV, Iter:2150/12990; Accuracy on target = 79.14%
T: 87.89 75.35 82.75 89.57 86.45 88.2 67.71 66.31 89.67 56.19 81.39 78.14

